<?xml version="1.0" encoding="utf-8"?><testsuites><testsuite name="pytest" errors="0" failures="0" skipped="0" tests="3" time="0.129" timestamp="2022-12-07T17:19:42.916065" hostname="WE40154"><testcase classname="bed.tests.test_config" name="test_fake" time="0.002" /><testcase classname="bed.tests.test_config" name="test_fake2" time="0.001" /><testcase classname="bed.tests.test_config" name="test_class" time="0.001" /></testsuite></testsuites>